Start testing: Feb 09 00:13 BRST
----------------------------------------------------------
1/3 Testing: test_frame_detection
1/3 Test: test_frame_detection
Command: "/bin/sh" "/home/franchz/Documents/UTFPR/10o_periodo/TCC2/projeto/tcc/gnuradio/gr-frame_detection/build/lib/test_frame_detection_test.sh"
Directory: /home/franchz/Documents/UTFPR/10o_periodo/TCC2/projeto/tcc/gnuradio/gr-frame_detection/build/lib
"test_frame_detection" start time: Feb 09 00:13 BRST
Output:
----------------------------------------------------------


<end of output>
Test time =   0.00 sec
----------------------------------------------------------
Test Passed.
"test_frame_detection" end time: Feb 09 00:13 BRST
"test_frame_detection" time elapsed: 00:00:00
----------------------------------------------------------

2/3 Testing: qa_deinterleaver_bb
2/3 Test: qa_deinterleaver_bb
Command: "/bin/sh" "/home/franchz/Documents/UTFPR/10o_periodo/TCC2/projeto/tcc/gnuradio/gr-frame_detection/build/python/qa_deinterleaver_bb_test.sh"
Directory: /home/franchz/Documents/UTFPR/10o_periodo/TCC2/projeto/tcc/gnuradio/gr-frame_detection/build/python
"qa_deinterleaver_bb" start time: Feb 09 00:13 BRST
Output:
----------------------------------------------------------
......
----------------------------------------------------------------------
Ran 6 tests in 0.010s

OK
<end of output>
Test time =   0.21 sec
----------------------------------------------------------
Test Passed.
"qa_deinterleaver_bb" end time: Feb 09 00:13 BRST
"qa_deinterleaver_bb" time elapsed: 00:00:00
----------------------------------------------------------

3/3 Testing: qa_preamble_detector_bb
3/3 Test: qa_preamble_detector_bb
Command: "/bin/sh" "/home/franchz/Documents/UTFPR/10o_periodo/TCC2/projeto/tcc/gnuradio/gr-frame_detection/build/python/qa_preamble_detector_bb_test.sh"
Directory: /home/franchz/Documents/UTFPR/10o_periodo/TCC2/projeto/tcc/gnuradio/gr-frame_detection/build/python
"qa_preamble_detector_bb" start time: Feb 09 00:13 BRST
Output:
----------------------------------------------------------
.......F
======================================================================
FAIL: test_008_t (__main__.qa_preamble_detector_bb)
----------------------------------------------------------------------
Traceback (most recent call last):
  File "/home/franchz/Documents/UTFPR/10o_periodo/TCC2/projeto/tcc/gnuradio/gr-frame_detection/python/qa_preamble_detector_bb.py", line 163, in test_008_t
    self.assertEqual(expected_result, result_data)
AssertionError: Tuples differ: (0, 0, 0, 254, 254, 254, 254, ... != (0L, 21L, 85L)

First differing element 1:
0
21

First tuple contains 28 additional elements.
First extra element 3:
254

+ (0L, 21L, 85L)
- (0,
-  0,
-  0,
-  254,
-  254,
-  254,
-  254,
-  254,
-  254,
-  254,
-  254,
-  1,
-  2,
-  3,
-  4,
-  5,
-  6,
-  7,
-  8,
-  9,
-  10,
-  11,
-  12,
-  13,
-  14,
-  15,
-  16,
-  0,
-  0,
-  0,
-  0)

----------------------------------------------------------------------
Ran 8 tests in 0.014s

FAILED (failures=1)
<end of output>
Test time =   0.22 sec
----------------------------------------------------------
Test Failed.
"qa_preamble_detector_bb" end time: Feb 09 00:13 BRST
"qa_preamble_detector_bb" time elapsed: 00:00:00
----------------------------------------------------------

End testing: Feb 09 00:13 BRST
